Using pre-set license
Built from '2020.3/release' branch; Version is '2020.3.7f1 (dd97f2c94397) revision 14522354'; Using compiler version '192528614'; Build Type 'Release'
OS: 'Windows 10 Enterprise; OS build 19041.1415; Version 2004; 64bit' Language: 'en' Physical Memory: 32683 MB
BatchMode: 1, IsHumanControllingUs: 0, StartBugReporterOnCrash: 0, Is64bit: 1, IsPro: 0

 COMMAND LINE ARGUMENTS:
C:\Program Files\Unity\Editor\Unity.exe
-adb2
-batchMode
-noUpm
-name
AssetImportWorker0
-projectPath
C:/Users/hpennycuick/Documents/Haigen_GAD170_1
-logFile
Logs/AssetImportWorker0.log
-srvPort
52231
Successfully changed project path to: C:/Users/hpennycuick/Documents/Haigen_GAD170_1
C:/Users/hpennycuick/Documents/Haigen_GAD170_1
Using Asset Import Pipeline V2.
Refreshing native plugins compatible for Editor in 25.31 ms, found 0 plugins.
Preloading 0 native plugins for Editor in 0.00 ms.
Initialize engine version: 2020.3.7f1 (dd97f2c94397)
[Subsystems] Discovering subsystems at path C:/Program Files/Unity/Editor/Data/Resources/UnitySubsystems
[Subsystems] Discovering subsystems at path C:/Users/hpennycuick/Documents/Haigen_GAD170_1/Assets
GfxDevice: creating device client; threaded=0
Direct3D:
    Version:  Direct3D 11.0 [level 11.1]
    Renderer: NVIDIA GeForce GTX 980 (ID=0x13c0)
    Vendor:   
    VRAM:     4053 MB
    Driver:   27.21.14.5671
Initialize mono
Mono path[0] = 'C:/Program Files/Unity/Editor/Data/Managed'
Mono path[1] = 'C:/Program Files/Unity/Editor/Data/MonoBleedingEdge/lib/mono/unityjit'
Mono config path = 'C:/Program Files/Unity/Editor/Data/MonoBleedingEdge/etc'
Using monoOptions --debugger-agent=transport=dt_socket,embedding=1,server=y,suspend=n,address=127.0.0.1:56072
Begin MonoManager ReloadAssembly
Registering precompiled unity dll's ...
Register platform support module: C:/Program Files/Unity/Editor/Data/PlaybackEngines/WindowsStandaloneSupport/UnityEditor.WindowsStandalone.Extensions.dll
Registered in 0.002356 seconds.
Native extension for WindowsStandalone target not found
Refreshing native plugins compatible for Editor in 21.26 ms, found 0 plugins.
Preloading 0 native plugins for Editor in 0.00 ms.
Mono: successfully reloaded assembly
- Completed reload, in  1.197 seconds
Platform modules already initialized, skipping
Registering precompiled user dll's ...
Registered in 0.001278 seconds.
Begin MonoManager ReloadAssembly
Native extension for WindowsStandalone target not found
Refreshing native plugins compatible for Editor in 0.28 ms, found 0 plugins.
Preloading 0 native plugins for Editor in 0.00 ms.
Mono: successfully reloaded assembly
- Completed reload, in  0.888 seconds
Platform modules already initialized, skipping
========================================================================
Worker process is ready to serve import requests
Launched and connected shader compiler UnityShaderCompiler.exe after 0.07 seconds
Refreshing native plugins compatible for Editor in 0.22 ms, found 0 plugins.
Preloading 0 native plugins for Editor in 0.00 ms.
Unloading 1117 Unused Serialized files (Serialized files now loaded: 0)
System memory in use before: 57.0 MB.
System memory in use after: 57.1 MB.

Unloading 9 unused Assets to reduce memory usage. Loaded Objects now: 1560.
Total: 2.109900 ms (FindLiveObjects: 0.196000 ms CreateObjectMapping: 0.106000 ms MarkObjects: 1.688900 ms  DeleteObjects: 0.117800 ms)

========================================================================
Received Import Request.
  path: Assets/RacingScript.cs
  artifactKey: Guid(87c3e6ca917b4be4698594989cd8bf1f) Importer(815301076,1909f56bfc062723c751e8b465ee728b)
Start importing Assets/RacingScript.cs using Guid(87c3e6ca917b4be4698594989cd8bf1f) Importer(815301076,1909f56bfc062723c751e8b465ee728b)  -> (artifact id: '0b9d94db2acccee6644f1909d6872de5') in 0.039410 seconds
  Import took 0.041297 seconds .

========================================================================
Received Prepare
Registering precompiled user dll's ...
Registered in 0.001604 seconds.
Begin MonoManager ReloadAssembly
Native extension for WindowsStandalone target not found
Refreshing native plugins compatible for Editor in 0.30 ms, found 0 plugins.
Preloading 0 native plugins for Editor in 0.00 ms.
Mono: successfully reloaded assembly
- Completed reload, in  0.806 seconds
Platform modules already initialized, skipping
Refreshing native plugins compatible for Editor in 0.22 ms, found 0 plugins.
Preloading 0 native plugins for Editor in 0.00 ms.
Unloading 1111 Unused Serialized files (Serialized files now loaded: 0)
System memory in use before: 56.9 MB.
System memory in use after: 57.0 MB.

Unloading 4 unused Assets to reduce memory usage. Loaded Objects now: 1563.
Total: 2.133700 ms (FindLiveObjects: 0.195000 ms CreateObjectMapping: 0.041200 ms MarkObjects: 1.848700 ms  DeleteObjects: 0.033900 ms)

========================================================================
Received Import Request.
  Time since last request: 1046.993768 seconds.
  path: Assets/RacingScript.cs
  artifactKey: Guid(87c3e6ca917b4be4698594989cd8bf1f) Importer(815301076,1909f56bfc062723c751e8b465ee728b)
Start importing Assets/RacingScript.cs using Guid(87c3e6ca917b4be4698594989cd8bf1f) Importer(815301076,1909f56bfc062723c751e8b465ee728b)  -> (artifact id: '2f0dc3c8c9b58322996a26a0f047b29c') in 0.005190 seconds
  Import took 0.007470 seconds .

========================================================================
Received Prepare
Registering precompiled user dll's ...
Registered in 0.002323 seconds.
Begin MonoManager ReloadAssembly
Native extension for WindowsStandalone target not found
Refreshing native plugins compatible for Editor in 0.36 ms, found 0 plugins.
Preloading 0 native plugins for Editor in 0.00 ms.
Mono: successfully reloaded assembly
- Completed reload, in  0.820 seconds
Platform modules already initialized, skipping
Refreshing native plugins compatible for Editor in 0.26 ms, found 0 plugins.
Preloading 0 native plugins for Editor in 0.00 ms.
Unloading 1111 Unused Serialized files (Serialized files now loaded: 0)
System memory in use before: 56.9 MB.
System memory in use after: 57.0 MB.

Unloading 4 unused Assets to reduce memory usage. Loaded Objects now: 1566.
Total: 2.110900 ms (FindLiveObjects: 0.226000 ms CreateObjectMapping: 0.069200 ms MarkObjects: 1.799900 ms  DeleteObjects: 0.014700 ms)

========================================================================
Received Prepare
Registering precompiled user dll's ...
Registered in 0.001495 seconds.
Begin MonoManager ReloadAssembly
Native extension for WindowsStandalone target not found
Refreshing native plugins compatible for Editor in 0.20 ms, found 0 plugins.
Preloading 0 native plugins for Editor in 0.00 ms.
Mono: successfully reloaded assembly
- Completed reload, in  0.835 seconds
Platform modules already initialized, skipping
Refreshing native plugins compatible for Editor in 0.20 ms, found 0 plugins.
Preloading 0 native plugins for Editor in 0.00 ms.
Unloading 1111 Unused Serialized files (Serialized files now loaded: 0)
System memory in use before: 56.9 MB.
System memory in use after: 57.0 MB.

Unloading 4 unused Assets to reduce memory usage. Loaded Objects now: 1569.
Total: 2.046300 ms (FindLiveObjects: 0.207000 ms CreateObjectMapping: 0.051100 ms MarkObjects: 1.758500 ms  DeleteObjects: 0.027700 ms)

========================================================================
Received Import Request.
  Time since last request: 260.284729 seconds.
  path: Assets/RacingScript.cs
  artifactKey: Guid(87c3e6ca917b4be4698594989cd8bf1f) Importer(815301076,1909f56bfc062723c751e8b465ee728b)
Start importing Assets/RacingScript.cs using Guid(87c3e6ca917b4be4698594989cd8bf1f) Importer(815301076,1909f56bfc062723c751e8b465ee728b)  -> (artifact id: '8b55ade7c4e4222a07603a7aa1f2048e') in 0.005626 seconds
  Import took 0.008223 seconds .

========================================================================
Received Prepare
Registering precompiled user dll's ...
Registered in 0.001292 seconds.
Begin MonoManager ReloadAssembly
Native extension for WindowsStandalone target not found
Refreshing native plugins compatible for Editor in 0.18 ms, found 0 plugins.
Preloading 0 native plugins for Editor in 0.00 ms.
Mono: successfully reloaded assembly
- Completed reload, in  0.838 seconds
Platform modules already initialized, skipping
Refreshing native plugins compatible for Editor in 0.22 ms, found 0 plugins.
Preloading 0 native plugins for Editor in 0.00 ms.
Unloading 1111 Unused Serialized files (Serialized files now loaded: 0)
System memory in use before: 56.9 MB.
System memory in use after: 57.0 MB.

Unloading 4 unused Assets to reduce memory usage. Loaded Objects now: 1572.
Total: 1.628000 ms (FindLiveObjects: 0.200300 ms CreateObjectMapping: 0.071700 ms MarkObjects: 1.338000 ms  DeleteObjects: 0.016200 ms)

========================================================================
Received Import Request.
  Time since last request: 1912.749562 seconds.
  path: Assets/XPSystem.cs
  artifactKey: Guid(f92dd081e020c584785489ff19357ac3) Importer(815301076,1909f56bfc062723c751e8b465ee728b)
Start importing Assets/XPSystem.cs using Guid(f92dd081e020c584785489ff19357ac3) Importer(815301076,1909f56bfc062723c751e8b465ee728b)  -> (artifact id: '521e31bd82bf4a08d381bcc285b4af02') in 0.006206 seconds
  Import took 0.008549 seconds .

========================================================================
Received Prepare
Registering precompiled user dll's ...
Registered in 0.001714 seconds.
Begin MonoManager ReloadAssembly
Native extension for WindowsStandalone target not found
Refreshing native plugins compatible for Editor in 0.20 ms, found 0 plugins.
Preloading 0 native plugins for Editor in 0.00 ms.
Mono: successfully reloaded assembly
- Completed reload, in  0.911 seconds
Platform modules already initialized, skipping
Refreshing native plugins compatible for Editor in 0.21 ms, found 0 plugins.
Preloading 0 native plugins for Editor in 0.00 ms.
Unloading 1112 Unused Serialized files (Serialized files now loaded: 0)
System memory in use before: 57.0 MB.
System memory in use after: 57.1 MB.

Unloading 4 unused Assets to reduce memory usage. Loaded Objects now: 1576.
Total: 3.460800 ms (FindLiveObjects: 0.447800 ms CreateObjectMapping: 0.060100 ms MarkObjects: 2.902700 ms  DeleteObjects: 0.033500 ms)

========================================================================
Received Prepare
Registering precompiled user dll's ...
Registered in 0.001891 seconds.
Begin MonoManager ReloadAssembly
Native extension for WindowsStandalone target not found
Refreshing native plugins compatible for Editor in 0.35 ms, found 0 plugins.
Preloading 0 native plugins for Editor in 0.00 ms.
Mono: successfully reloaded assembly
- Completed reload, in  0.816 seconds
Platform modules already initialized, skipping
Refreshing native plugins compatible for Editor in 0.24 ms, found 0 plugins.
Preloading 0 native plugins for Editor in 0.00 ms.
Unloading 1112 Unused Serialized files (Serialized files now loaded: 0)
System memory in use before: 57.0 MB.
System memory in use after: 57.1 MB.

Unloading 4 unused Assets to reduce memory usage. Loaded Objects now: 1579.
Total: 2.170600 ms (FindLiveObjects: 0.182100 ms CreateObjectMapping: 0.062500 ms MarkObjects: 1.910700 ms  DeleteObjects: 0.014200 ms)

========================================================================
Received Import Request.
  Time since last request: 968.720105 seconds.
  path: Assets/XPSystem.cs
  artifactKey: Guid(f92dd081e020c584785489ff19357ac3) Importer(815301076,1909f56bfc062723c751e8b465ee728b)
Start importing Assets/XPSystem.cs using Guid(f92dd081e020c584785489ff19357ac3) Importer(815301076,1909f56bfc062723c751e8b465ee728b)  -> (artifact id: 'd81486ed382254e6c2fd0fc4412cc95d') in 0.004224 seconds
  Import took 0.006092 seconds .

AssetImportWorkerClient::OnTransportError - code=2 error=End of file
